<?xml version="1.0" encoding="UTF-8"?>
<coverage generated="1659004825313" clover="3.2.0">
  <project timestamp="1659004825313" name="All files">
    <metrics statements="32" coveredstatements="1" conditionals="21" coveredconditionals="0" methods="15" coveredmethods="1" elements="68" coveredelements="2" complexity="0" loc="32" ncloc="32" packages="1" files="3" classes="3"/>
    <file name="App.js" path="/home/tlscp-038/Desktop/Muhamed/React/teamcity-react-demo/src/App.js">
      <metrics statements="1" coveredstatements="1" conditionals="0" coveredconditionals="0" methods="1" coveredmethods="1"/>
      <line num="7" count="1" type="stmt"/>
    </file>
    <file name="index.js" path="/home/tlscp-038/Desktop/Muhamed/React/teamcity-react-demo/src/index.js">
      <metrics statements="2" coveredstatements="0" conditionals="0" coveredconditionals="0" methods="0" coveredmethods="0"/>
      <line num="7" count="0" type="stmt"/>
      <line num="8" count="0" type="stmt"/>
    </file>
    <file name="registerServiceWorker.js" path="/home/tlscp-038/Desktop/Muhamed/React/teamcity-react-demo/src/registerServiceWorker.js">
      <metrics statements="29" coveredstatements="0" conditionals="21" coveredconditionals="0" methods="14" coveredmethods="0"/>
      <line num="11" count="0" type="stmt"/>
      <line num="22" count="0" type="cond" truecount="0" falsecount="4"/>
      <line num="24" count="0" type="stmt"/>
      <line num="25" count="0" type="cond" truecount="0" falsecount="2"/>
      <line num="29" count="0" type="stmt"/>
      <line num="32" count="0" type="stmt"/>
      <line num="33" count="0" type="stmt"/>
      <line num="35" count="0" type="cond" truecount="0" falsecount="2"/>
      <line num="37" count="0" type="stmt"/>
      <line num="40" count="0" type="stmt"/>
      <line num="47" count="0" type="stmt"/>
      <line num="50" count="0" type="stmt"/>
      <line num="51" count="0" type="stmt"/>
      <line num="52" count="0" type="stmt"/>
      <line num="53" count="0" type="cond" truecount="0" falsecount="2"/>
      <line num="54" count="0" type="cond" truecount="0" falsecount="2"/>
      <line num="59" count="0" type="stmt"/>
      <line num="64" count="0" type="stmt"/>
      <line num="71" count="0" type="stmt"/>
      <line num="77" count="0" type="stmt"/>
      <line num="80" count="0" type="cond" truecount="0" falsecount="2"/>
      <line num="85" count="0" type="stmt"/>
      <line num="86" count="0" type="stmt"/>
      <line num="87" count="0" type="stmt"/>
      <line num="92" count="0" type="stmt"/>
      <line num="96" count="0" type="stmt"/>
      <line num="103" count="0" type="cond" truecount="0" falsecount="2"/>
      <line num="104" count="0" type="stmt"/>
      <line num="105" count="0" type="stmt"/>
    </file>
  </project>
</coverage>
